<?xml version="1.0" encoding="UTF-8"?>
<!-- Generated by org.testng.reporters.JUnitXMLReporter -->
<testsuite ignored="0" hostname="badabeeddccbcbefdcfaadddfaeec-0" failures="2" tests="3" name="Surefire test" time="26.618" errors="0" timestamp="2023-08-21T11:43:54 UTC">
  <testcase classname="testcases.Testcase1" name="TestTodaysDeal" time="4.633"/>
  <testcase classname="testcases.Testcase1" name="TestProductClick" time="6.921">
    <failure type="java.lang.AssertionError" message="expected [Budget Laptops under INR 40000] but found [38 results
Sort by:
        
            Featured
        
            Price: Low to High
        
            Price: High to Low
        
            Avg. Customer Review
        
            Newest Arrivals
        
    Sort by:Featured]">
      <![CDATA[java.lang.AssertionError: expected [Budget Laptops under INR 40000] but found [38 results
Sort by:
        
            Featured
        
            Price: Low to High
        
            Price: High to Low
        
            Avg. Customer Review
        
            Newest Arrivals
        
    Sort by:Featured]
at testcases.Testcase1.TestProductClick(Testcase1.java:86)
at java.base/java.util.ArrayList.forEach(ArrayList.java:1541)
... Removed 38 stack frames]]>
    </failure>
  </testcase> <!-- TestProductClick -->
  <testcase classname="testcases.Testcase1" name="AddCartTest" time="6.767">
    <failure type="java.lang.AssertionError" message="expected [Budget Laptops under INR 40000] but found [38 results
Sort by:
        
            Featured
        
            Price: Low to High
        
            Price: High to Low
        
            Avg. Customer Review
        
            Newest Arrivals
        
    Sort by:Featured]">
      <![CDATA[java.lang.AssertionError: expected [Budget Laptops under INR 40000] but found [38 results
Sort by:
        
            Featured
        
            Price: Low to High
        
            Price: High to Low
        
            Avg. Customer Review
        
            Newest Arrivals
        
    Sort by:Featured]
at testcases.Testcase1.AddCartTest(Testcase1.java:119)
at java.base/java.util.ArrayList.forEach(ArrayList.java:1541)
... Removed 38 stack frames]]>
    </failure>
  </testcase> <!-- AddCartTest -->
</testsuite> <!-- Surefire test -->
